<?xml version="1.0" encoding="UTF-8"?>
<!-- Generated by org.testng.reporters.JUnitReportReporter -->
<testsuite hostname="DESKTOP-AJTR7GF" failures="0" tests="5" name="Demoqa" time="18.616" errors="0" timestamp="2022-07-11T18:56:20 ART" skipped="0">
  <testcase classname="Demoqa" name="loadPage" time="10.266"/>
  <system-out/>
  <testcase classname="Demoqa" name="searchBook" time="4.401"/>
  <system-out/>
  <testcase classname="Demoqa" name="searchRegister" time="0.561"/>
  <system-out/>
  <testcase classname="Demoqa" name="register" time="3.244"/>
  <system-out/>
  <testcase classname="Demoqa" name="finishTest" time="0.144"/>
  <system-out/>
</testsuite> <!-- Demoqa -->
