<?xml version="1.0" encoding="UTF-8"?>
<!-- Generated by org.testng.reporters.JUnitReportReporter -->
<testsuite hostname="DESKTOP-AJTR7GF" failures="0" tests="3" name="YouTube" time="13.696" errors="0" timestamp="2022-07-11T17:44:22 ART" skipped="0">
  <testcase classname="YouTube" name="loadPage" time="5.035"/>
  <system-out/>
  <testcase classname="YouTube" name="searchVideo" time="4.460"/>
  <system-out/>
  <testcase classname="YouTube" name="finishTest" time="4.201"/>
  <system-out/>
</testsuite> <!-- YouTube -->
