<?xml version="1.0" encoding="UTF-8"?>
<!-- Generated by org.testng.reporters.JUnitReportReporter -->
<testsuite hostname="MacBook-Air-de-juan-13985.local" failures="1" tests="4" name="Spotify" time="60.691" errors="0" timestamp="2021-11-01T13:27:57 ART" skipped="0">
  <testcase classname="Spotify" name="loadPage" time="9.354">
    <failure message="expected [Spotify - Web Player: Music for everyone] but found [Spotify – Reproductor web]" type="java.lang.AssertionError">
      <![CDATA[java.lang.AssertionError: expected [Spotify - Web Player: Music for everyone] but found [Spotify – Reproductor web]
at org.testng.Assert.fail(Assert.java:99)
at org.testng.Assert.failNotEquals(Assert.java:1037)
at org.testng.Assert.assertEqualsImpl(Assert.java:140)
at org.testng.Assert.assertEquals(Assert.java:122)
at org.testng.Assert.assertEquals(Assert.java:629)
at org.testng.Assert.assertEquals(Assert.java:639)
at Spotify.loadPage(Spotify.java:30)
at java.base/jdk.internal.reflect.NativeMethodAccessorImpl.invoke0(Native Method)
at java.base/jdk.internal.reflect.NativeMethodAccessorImpl.invoke(NativeMethodAccessorImpl.java:62)
at java.base/jdk.internal.reflect.DelegatingMethodAccessorImpl.invoke(DelegatingMethodAccessorImpl.java:43)
at java.base/java.lang.reflect.Method.invoke(Method.java:567)
at org.testng.internal.MethodInvocationHelper.invokeMethod(MethodInvocationHelper.java:132)
at org.testng.internal.TestInvoker.invokeMethod(TestInvoker.java:599)
at org.testng.internal.TestInvoker.invokeTestMethod(TestInvoker.java:174)
at org.testng.internal.MethodRunner.runInSequence(MethodRunner.java:46)
at org.testng.internal.TestInvoker$MethodInvocationAgent.invoke(TestInvoker.java:822)
at org.testng.internal.TestInvoker.invokeTestMethods(TestInvoker.java:147)
at org.testng.internal.TestMethodWorker.invokeTestMethods(TestMethodWorker.java:146)
at org.testng.internal.TestMethodWorker.run(TestMethodWorker.java:128)
at java.base/java.util.concurrent.ThreadPoolExecutor.runWorker(ThreadPoolExecutor.java:1128)
at java.base/java.util.concurrent.ThreadPoolExecutor$Worker.run(ThreadPoolExecutor.java:628)
at java.base/java.lang.Thread.run(Thread.java:835)
]]>
    </failure>
  </testcase> <!-- loadPage -->
  <system-out/>
  <testcase classname="Spotify" name="login" time="16.004"/>
  <system-out/>
  <testcase classname="Spotify" name="searchSong" time="35.331"/>
  <system-out/>
  <testcase classname="Spotify" name="closeDriver" time="0.002"/>
  <system-out/>
</testsuite> <!-- Spotify -->
